<?xml version="1.0" encoding="UTF-8"?>
<!-- Generated by org.testng.reporters.JUnitXMLReporter -->
<testsuite ignored="0" hostname="LAPTOP-F45HJ75I" failures="0" tests="2" name="Surefire test" time="17.394" errors="0" timestamp="2020-07-19T19:42:39 NZST">
  <testcase classname="CucumberTestRunner" name="@BeforeClass setUp" time="13.022">
    <failure type="java.lang.NullPointerException">
      <![CDATA[java.lang.NullPointerException
at pages.LoginPage.setUsernameField(LoginPage.java:35)
at pages.LoginPage.signIn(LoginPage.java:47)
at pages.LoginPage.signIn(LoginPage.java:53)
at hooks.ServiceHooks.launchApp(ServiceHooks.java:29)
at CucumberTestRunner.setUp(CucumberTestRunner.java:26)
at java.base/java.util.ArrayList.forEach(ArrayList.java:1540)
... Removed 30 stack frames]]>
    </failure>
  </testcase> <!-- @BeforeClass setUp -->
  <testcase classname="io.cucumber.testng.AbstractTestNGCucumberTests" name="runScenario" time="0.0">
    <skipped/>
  </testcase> <!-- runScenario -->
  <testcase classname="CucumberTestRunner" name="CucumberFeatureRunner" time="0.0">
    <skipped/>
  </testcase> <!-- CucumberFeatureRunner -->
</testsuite> <!-- Surefire test -->
